[2026-06-28T11:57:07.795Z] Starting dev server with command: pnpm run dev
[2026-06-28T11:57:10.077Z] > kleider-klinik@1.0.0 dev /home/ubuntu/kleider-klinik
[2026-06-28T11:57:10.078Z] > vite --host
[2026-06-28T11:57:10.668Z] VITE v7.1.9  ready in 533 ms
[2026-06-28T11:57:10.668Z] ➜  Local:   http://localhost:3000/
[2026-06-28T11:57:10.668Z] ➜  Network: http://169.254.0.21:3000/
[2026-06-28T11:57:45.358Z] 11:57:45 AM [vite] (client) page reload index.html
[2026-06-28T11:59:20.602Z] [baseline-browser-mapping] The data in this module is over two months old.  To ensure accurate Baseline data, please update: `npm i baseline-browser-mapping@latest -D`
[2026-06-28T11:59:22.847Z] 11:59:22 AM [vite] (client) ✨ new dependencies optimized: @radix-ui/react-accordion
[2026-06-28T11:59:22.847Z] 11:59:22 AM [vite] (client) ✨ optimized dependencies changed. reloading
[2026-06-30T16:41:13.324Z] Starting dev server with command: pnpm run dev
[2026-06-30T16:41:14.088Z] > kleider-klinik@1.0.0 dev /home/ubuntu/kleider-klinik
[2026-06-30T16:41:14.088Z] > vite --host
[2026-06-30T16:41:14.575Z] VITE v7.1.9  ready in 433 ms
[2026-06-30T16:41:14.576Z] ➜  Local:   http://localhost:3000/
[2026-06-30T16:41:14.576Z] ➜  Network: http://169.254.0.21:3000/
[2026-06-30T16:42:49.614Z] [baseline-browser-mapping] The data in this module is over two months old.  To ensure accurate Baseline data, please update: `npm i baseline-browser-mapping@latest -D`
[2026-06-30T16:46:17.195Z] 4:46:17 PM [vite] (client) hmr update /src/pages/Home.tsx, /src/index.css
[2026-06-30T16:50:40.838Z] 4:50:40 PM [vite] (client) hmr update /src/pages/Home.tsx, /src/index.css
[2026-06-30T19:09:29.686Z] 7:09:29 PM [vite] (client) hmr update /src/index.css
[2026-06-30T19:10:12.353Z] 7:10:12 PM [vite] (client) hmr update /src/pages/Home.tsx, /src/index.css
[2026-06-30T19:10:45.683Z] 7:10:45 PM [vite] (client) hmr update /src/index.css
[2026-06-30T19:19:38.063Z] 7:19:38 PM [vite] (client) hmr update /src/index.css
[2026-06-30T19:20:04.973Z] 7:20:04 PM [vite] (client) hmr update /src/index.css
[2026-06-30T19:20:20.066Z] 7:20:20 PM [vite] (client) hmr update /src/index.css
[2026-06-30T19:20:52.073Z] 7:20:52 PM [vite] (client) hmr update /src/index.css
[2026-06-30T19:21:12.834Z] 7:21:12 PM [vite] (client) hmr update /src/index.css
[2026-06-30T19:21:27.563Z] 7:21:27 PM [vite] (client) hmr update /src/pages/Home.tsx, /src/index.css
[2026-06-30T19:27:11.542Z] 7:27:11 PM [vite] changed tsconfig file detected: /home/ubuntu/kleider-klinik/tsconfig.json - Clearing cache and forcing full-reload to ensure TypeScript is compiled with updated config values.
[2026-06-30T19:27:11.544Z] 7:27:11 PM [vite] vite.config.ts changed, restarting server...
[2026-06-30T19:27:11.545Z] 7:27:11 PM [vite] (client) page reload index.html
[2026-06-30T19:27:11.545Z] 7:27:11 PM [vite] (client) page reload public/.gitkeep
[2026-06-30T19:27:11.545Z] 7:27:11 PM [vite] (client) page reload public/__manus__/debug-collector.js
[2026-06-30T19:27:11.545Z] 7:27:11 PM [vite] (client) page reload src/App.tsx
[2026-06-30T19:27:11.545Z] 7:27:11 PM [vite] (client) page reload src/components/ErrorBoundary.tsx
[2026-06-30T19:27:11.545Z] 7:27:11 PM [vite] (client) page reload src/components/ManusDialog.tsx
[2026-06-30T19:27:11.545Z] 7:27:11 PM [vite] (client) page reload src/components/Map.tsx
[2026-06-30T19:27:11.545Z] 7:27:11 PM [vite] (client) page reload src/components/ui/accordion.tsx
[2026-06-30T19:27:11.545Z] 7:27:11 PM [vite] (client) page reload src/components/ui/alert-dialog.tsx
[2026-06-30T19:27:11.545Z] 7:27:11 PM [vite] (client) page reload src/components/ui/alert.tsx
[2026-06-30T19:27:11.545Z] 7:27:11 PM [vite] (client) page reload src/components/ui/aspect-ratio.tsx
[2026-06-30T19:27:11.545Z] 7:27:11 PM [vite] (client) page reload src/components/ui/avatar.tsx
[2026-06-30T19:27:11.545Z] 7:27:11 PM [vite] (client) page reload src/components/ui/badge.tsx
[2026-06-30T19:27:11.545Z] 7:27:11 PM [vite] (client) page reload src/components/ui/breadcrumb.tsx
[2026-06-30T19:27:11.545Z] 7:27:11 PM [vite] (client) page reload src/components/ui/button-group.tsx
[2026-06-30T19:27:11.545Z] 7:27:11 PM [vite] (client) page reload src/components/ui/button.tsx
[2026-06-30T19:27:11.545Z] 7:27:11 PM [vite] (client) page reload src/components/ui/calendar.tsx
[2026-06-30T19:27:11.545Z] 7:27:11 PM [vite] (client) page reload src/components/ui/card.tsx
[2026-06-30T19:27:11.546Z] 7:27:11 PM [vite] (client) page reload src/components/ui/carousel.tsx
[2026-06-30T19:27:11.546Z] 7:27:11 PM [vite] (client) page reload src/components/ui/chart.tsx
[2026-06-30T19:27:11.546Z] 7:27:11 PM [vite] (client) page reload src/components/ui/checkbox.tsx
[2026-06-30T19:27:11.546Z] 7:27:11 PM [vite] (client) page reload src/components/ui/collapsible.tsx
[2026-06-30T19:27:11.546Z] 7:27:11 PM [vite] (client) page reload src/components/ui/command.tsx
[2026-06-30T19:27:11.546Z] 7:27:11 PM [vite] (client) page reload src/components/ui/context-menu.tsx
[2026-06-30T19:27:11.546Z] 7:27:11 PM [vite] (client) page reload src/components/ui/dialog.tsx
[2026-06-30T19:27:11.546Z] 7:27:11 PM [vite] (client) page reload src/components/ui/drawer.tsx
[2026-06-30T19:27:11.546Z] 7:27:11 PM [vite] (client) page reload src/components/ui/dropdown-menu.tsx
[2026-06-30T19:27:11.546Z] 7:27:11 PM [vite] (client) page reload src/components/ui/empty.tsx
[2026-06-30T19:27:11.546Z] 7:27:11 PM [vite] (client) page reload src/components/ui/field.tsx
[2026-06-30T19:27:11.546Z] 7:27:11 PM [vite] (client) page reload src/components/ui/form.tsx
[2026-06-30T19:27:11.546Z] 7:27:11 PM [vite] (client) page reload src/components/ui/hover-card.tsx
[2026-06-30T19:27:11.546Z] 7:27:11 PM [vite] (client) page reload src/components/ui/input-group.tsx
[2026-06-30T19:27:11.546Z] 7:27:11 PM [vite] (client) page reload src/components/ui/input-otp.tsx
[2026-06-30T19:27:11.546Z] 7:27:11 PM [vite] (client) page reload src/components/ui/input.tsx
[2026-06-30T19:27:11.546Z] 7:27:11 PM [vite] (client) page reload src/components/ui/item.tsx
[2026-06-30T19:27:11.546Z] 7:27:11 PM [vite] (client) page reload src/components/ui/kbd.tsx
[2026-06-30T19:27:11.546Z] 7:27:11 PM [vite] (client) page reload src/components/ui/label.tsx
[2026-06-30T19:27:11.546Z] 7:27:11 PM [vite] (client) page reload src/components/ui/menubar.tsx
[2026-06-30T19:27:11.546Z] 7:27:11 PM [vite] (client) page reload src/components/ui/navigation-menu.tsx
[2026-06-30T19:27:11.546Z] 7:27:11 PM [vite] (client) page reload src/components/ui/pagination.tsx
[2026-06-30T19:27:11.546Z] 7:27:11 PM [vite] (client) page reload src/components/ui/popover.tsx
[2026-06-30T19:27:11.546Z] 7:27:11 PM [vite] (client) page reload src/components/ui/progress.tsx
[2026-06-30T19:27:11.546Z] 7:27:11 PM [vite] (client) page reload src/components/ui/radio-group.tsx
[2026-06-30T19:27:11.546Z] 7:27:11 PM [vite] (client) page reload src/components/ui/resizable.tsx
[2026-06-30T19:27:11.546Z] 7:27:11 PM [vite] (client) page reload src/components/ui/scroll-area.tsx
[2026-06-30T19:27:11.546Z] 7:27:11 PM [vite] (client) page reload src/components/ui/select.tsx
[2026-06-30T19:27:11.546Z] 7:27:11 PM [vite] (client) page reload src/components/ui/separator.tsx
[2026-06-30T19:27:11.546Z] 7:27:11 PM [vite] (client) page reload src/components/ui/sheet.tsx
[2026-06-30T19:27:11.546Z] 7:27:11 PM [vite] (client) page reload src/components/ui/sidebar.tsx
[2026-06-30T19:27:11.546Z] 7:27:11 PM [vite] (client) page reload src/components/ui/skeleton.tsx
[2026-06-30T19:27:11.546Z] 7:27:11 PM [vite] (client) page reload src/components/ui/slider.tsx
[2026-06-30T19:27:11.546Z] 7:27:11 PM [vite] (client) page reload src/components/ui/sonner.tsx
[2026-06-30T19:27:11.546Z] 7:27:11 PM [vite] (client) page reload src/components/ui/spinner.tsx
[2026-06-30T19:27:11.546Z] 7:27:11 PM [vite] (client) page reload src/components/ui/switch.tsx
[2026-06-30T19:27:11.546Z] 7:27:11 PM [vite] (client) page reload src/components/ui/table.tsx
[2026-06-30T19:27:11.546Z] 7:27:11 PM [vite] (client) page reload src/components/ui/tabs.tsx
[2026-06-30T19:27:11.546Z] 7:27:11 PM [vite] (client) page reload src/components/ui/textarea.tsx
[2026-06-30T19:27:11.546Z] 7:27:11 PM [vite] (client) page reload src/components/ui/toggle-group.tsx
[2026-06-30T19:27:11.546Z] 7:27:11 PM [vite] (client) page reload src/components/ui/toggle.tsx
[2026-06-30T19:27:11.546Z] 7:27:11 PM [vite] (client) page reload src/components/ui/tooltip.tsx
[2026-06-30T19:27:11.546Z] 7:27:11 PM [vite] (client) page reload src/const.ts
[2026-06-30T19:27:11.547Z] 7:27:11 PM [vite] (client) page reload src/contexts/ThemeContext.tsx
[2026-06-30T19:27:11.547Z] 7:27:11 PM [vite] (client) page reload src/hooks/useComposition.ts
[2026-06-30T19:27:11.547Z] 7:27:11 PM [vite] (client) page reload src/hooks/useMobile.tsx
[2026-06-30T19:27:11.547Z] 7:27:11 PM [vite] (client) page reload src/hooks/usePersistFn.ts
[2026-06-30T19:27:11.547Z] 7:27:11 PM [vite] (client) hmr update /src/index.css
[2026-06-30T19:27:11.547Z] 7:27:11 PM [vite] (client) page reload src/lib/utils.ts
[2026-06-30T19:27:11.547Z] 7:27:11 PM [vite] (client) page reload src/main.tsx
[2026-06-30T19:27:11.547Z] 7:27:11 PM [vite] (client) page reload src/pages/Home.tsx
[2026-06-30T19:27:11.547Z] 7:27:11 PM [vite] (client) page reload src/pages/NotFound.tsx
[2026-06-30T19:27:11.576Z] 7:27:11 PM [vite] server restarted.
[2026-06-30T19:27:11.576Z] ➜  Local:   http://localhost:5173/
[2026-06-30T19:27:11.576Z] ➜  Network: http://169.254.0.21:5173/
